LADO: B
AGUA: 0.00
TIEMPO: 19
 
LADO: A
AGUA: 7.90
TIEMPO: 29
 
LADO: B
AGUA: 15.80
TIEMPO: 0
 
LADO: A
AGUA: 23.70
TIEMPO: -20
 
LADO: B
AGUA: 31.60
TIEMPO: 4
 
LADO: A
AGUA: 39.50
TIEMPO: -26
 
LADO: B
AGUA: 47.40
TIEMPO: 45
 
LADO: A
AGUA: 55.30
TIEMPO: -12
 
LADO: B
AGUA: 63.20
TIEMPO: -10
 
LADO: A
AGUA: 71.10
TIEMPO: -17
 
LADO: B
AGUA: 79.00
TIEMPO: -5
 
LADO: A
AGUA: 86.90
TIEMPO: 49
 
LADO: B
AGUA: 94.80
TIEMPO: 0
 
LADO: A
AGUA: 102.70
TIEMPO: -12
 
LADO: B
AGUA: 110.60
TIEMPO: 13
 
LADO: A
AGUA: 118.50
TIEMPO: -8
 
LADO: B
AGUA: 126.40
TIEMPO: 6
 
LADO: A
AGUA: 134.30
TIEMPO: -53
 
LADO: B
AGUA: 142.20
TIEMPO: 12
 
LADO: A
AGUA: 150.10
TIEMPO: 0
 
