
AGUA EN MEDICIÓN: 100

PLANILLA: 0
CANGILONES: 1
SEGUNDOS: 0
POSICION DEL TIEMPO: 0
LADO: A

CANGILONES: 2
SEGUNDOS: 97
POSICION DEL TIEMPO: 1
LADO: B

CANGILONES: 3
SEGUNDOS: 147
POSICION DEL TIEMPO: 2
LADO: A

CANGILONES: 4
SEGUNDOS: 114
POSICION DEL TIEMPO: 3
LADO: B

CANGILONES: 5
SEGUNDOS: 155
POSICION DEL TIEMPO: 4
LADO: A

CANGILONES: 6
SEGUNDOS: 122
POSICION DEL TIEMPO: 5
LADO: B

CANGILONES: 7
SEGUNDOS: 138
POSICION DEL TIEMPO: 6
LADO: A

CANGILONES: 8
SEGUNDOS: 124
POSICION DEL TIEMPO: 7
LADO: B

CANGILONES: 9
SEGUNDOS: 143
POSICION DEL TIEMPO: 8
LADO: A

CANGILONES: 10
SEGUNDOS: 127
POSICION DEL TIEMPO: 9
LADO: B

CANGILONES: 11
SEGUNDOS: 140
POSICION DEL TIEMPO: 10
LADO: A

CANGILONES: 12
SEGUNDOS: 129
POSICION DEL TIEMPO: 11
LADO: B

CANGILONES: 13
SEGUNDOS: 159
POSICION DEL TIEMPO: 12
LADO: A

CANGILONES: 14
SEGUNDOS: 147
POSICION DEL TIEMPO: 13
LADO: B

TIEMPO_PROMEDIO: 134.00


CAMBIO A PLANILLA: 1
CANGILONES: 1
SEGUNDOS: 0
POSICION DEL TIEMPO: 0
LADO: A

CANGILONES: 2
SEGUNDOS: 125
POSICION DEL TIEMPO: 1
LADO: B

CANGILONES: 3
SEGUNDOS: 165
POSICION DEL TIEMPO: 2
LADO: A

CANGILONES: 4
SEGUNDOS: 129
POSICION DEL TIEMPO: 3
LADO: B

CANGILONES: 5
SEGUNDOS: 149
POSICION DEL TIEMPO: 4
LADO: A

CANGILONES: 6
SEGUNDOS: 147
POSICION DEL TIEMPO: 5
LADO: B

CANGILONES: 7
SEGUNDOS: 187
POSICION DEL TIEMPO: 6
LADO: A

CANGILONES: 8
SEGUNDOS: 138
POSICION DEL TIEMPO: 7
LADO: B

CANGILONES: 9
SEGUNDOS: 146
POSICION DEL TIEMPO: 8
LADO: A

CANGILONES: 10
SEGUNDOS: 120
POSICION DEL TIEMPO: 9
LADO: B

CANGILONES: 11
SEGUNDOS: 152
POSICION DEL TIEMPO: 10
LADO: A

CANGILONES: 12
SEGUNDOS: 129
POSICION DEL TIEMPO: 11
LADO: B

CANGILONES: 13
SEGUNDOS: 157
POSICION DEL TIEMPO: 12
LADO: A

CANGILONES: 14
SEGUNDOS: 167
POSICION DEL TIEMPO: 13
LADO: B

TIEMPO_PROMEDIO: 147.00


CAMBIO A PLANILLA: 2
CANGILONES: 1
SEGUNDOS: 0
POSICION DEL TIEMPO: 0
LADO: A

CANGILONES: 2
SEGUNDOS: 163
POSICION DEL TIEMPO: 1
LADO: B

CANGILONES: 3
SEGUNDOS: 197
POSICION DEL TIEMPO: 2
LADO: A

CANGILONES: 4
SEGUNDOS: 181
POSICION DEL TIEMPO: 3
LADO: B

CANGILONES: 5
SEGUNDOS: 128
POSICION DEL TIEMPO: 4
LADO: A

CANGILONES: 6
SEGUNDOS: 123
POSICION DEL TIEMPO: 5
LADO: B

CANGILONES: 7
SEGUNDOS: 158
POSICION DEL TIEMPO: 6
LADO: A

CANGILONES: 8
SEGUNDOS: 150
POSICION DEL TIEMPO: 7
LADO: B

CANGILONES: 9
SEGUNDOS: 180
POSICION DEL TIEMPO: 8
LADO: A

CANGILONES: 10
SEGUNDOS: 156
POSICION DEL TIEMPO: 9
LADO: B

CANGILONES: 11
SEGUNDOS: 208
POSICION DEL TIEMPO: 10
LADO: A

CANGILONES: 12
SEGUNDOS: 166
POSICION DEL TIEMPO: 11
LADO: B

CANGILONES: 13
SEGUNDOS: 222
POSICION DEL TIEMPO: 12
LADO: A

CANGILONES: 14
SEGUNDOS: 206
POSICION DEL TIEMPO: 13
LADO: B

TIEMPO_PROMEDIO: 172.15


CAMBIO A PLANILLA: 3
CANGILONES: 1
SEGUNDOS: 0
POSICION DEL TIEMPO: 0
LADO: A

CANGILONES: 2
SEGUNDOS: 144
POSICION DEL TIEMPO: 1
LADO: B

CANGILONES: 3
SEGUNDOS: 200
POSICION DEL TIEMPO: 2
LADO: A

CANGILONES: 4
SEGUNDOS: 184
POSICION DEL TIEMPO: 3
LADO: B

CANGILONES: 5
SEGUNDOS: 197
POSICION DEL TIEMPO: 4
LADO: A

CANGILONES: 6
SEGUNDOS: 54
POSICION DEL TIEMPO: 5
LADO: B

CANGILONES: 7
SEGUNDOS: 69
POSICION DEL TIEMPO: 6
LADO: A

CANGILONES: 8
SEGUNDOS: 58
POSICION DEL TIEMPO: 7
LADO: B

CANGILONES: 9
SEGUNDOS: 70
POSICION DEL TIEMPO: 8
LADO: A

CANGILONES: 10
SEGUNDOS: 61
POSICION DEL TIEMPO: 9
LADO: B

CANGILONES: 11
SEGUNDOS: 75
POSICION DEL TIEMPO: 10
LADO: A

CANGILONES: 12
SEGUNDOS: 62
POSICION DEL TIEMPO: 11
LADO: B

CANGILONES: 13
SEGUNDOS: 76
POSICION DEL TIEMPO: 12
LADO: A

CANGILONES: 14
SEGUNDOS: 65
POSICION DEL TIEMPO: 13
LADO: B

CANGILONES: 15
SEGUNDOS: 149
POSICION DEL TIEMPO: 14
LADO: A

TIEMPO_PROMEDIO: 104.57


CAMBIO A PLANILLA: 4
CANGILONES: 1
SEGUNDOS: 0
POSICION DEL TIEMPO: 0
LADO: B

CANGILONES: 2
SEGUNDOS: 96
POSICION DEL TIEMPO: 1
LADO: A

CANGILONES: 3
SEGUNDOS: 57
POSICION DEL TIEMPO: 2
LADO: B

CANGILONES: 4
SEGUNDOS: 72
POSICION DEL TIEMPO: 3
LADO: A

CANGILONES: 5
SEGUNDOS: 63
POSICION DEL TIEMPO: 4
LADO: B

CANGILONES: 6
SEGUNDOS: 93
POSICION DEL TIEMPO: 5
LADO: A

CANGILONES: 7
SEGUNDOS: 66
POSICION DEL TIEMPO: 6
LADO: B

CANGILONES: 8
SEGUNDOS: 77
POSICION DEL TIEMPO: 7
LADO: A

CANGILONES: 9
SEGUNDOS: 69
POSICION DEL TIEMPO: 8
LADO: B

CANGILONES: 10
SEGUNDOS: 90
POSICION DEL TIEMPO: 9
LADO: A

CANGILONES: 11
SEGUNDOS: 70
POSICION DEL TIEMPO: 10
LADO: B

CANGILONES: 12
SEGUNDOS: 93
POSICION DEL TIEMPO: 11
LADO: A

CANGILONES: 13
SEGUNDOS: 73
POSICION DEL TIEMPO: 12
LADO: B

CANGILONES: 14
SEGUNDOS: 150
POSICION DEL TIEMPO: 13
LADO: A

TIEMPO_PROMEDIO: 82.23


CAMBIO A PLANILLA: 5
CANGILONES: 1
SEGUNDOS: 0
POSICION DEL TIEMPO: 0
LADO: B

CANGILONES: 2
SEGUNDOS: 57
POSICION DEL TIEMPO: 1
LADO: A

CANGILONES: 3
SEGUNDOS: 66
POSICION DEL TIEMPO: 2
LADO: B

CANGILONES: 4
SEGUNDOS: 77
POSICION DEL TIEMPO: 3
LADO: A

CANGILONES: 5
SEGUNDOS: 70
POSICION DEL TIEMPO: 4
LADO: B

CANGILONES: 6
SEGUNDOS: 105
POSICION DEL TIEMPO: 5
LADO: A

CANGILONES: 7
SEGUNDOS: 73
POSICION DEL TIEMPO: 6
LADO: B

CANGILONES: 8
SEGUNDOS: 90
POSICION DEL TIEMPO: 7
LADO: A

CANGILONES: 9
SEGUNDOS: 76
POSICION DEL TIEMPO: 8
LADO: B

CANGILONES: 10
SEGUNDOS: 95
POSICION DEL TIEMPO: 9
LADO: A

CANGILONES: 11
SEGUNDOS: 79
POSICION DEL TIEMPO: 10
LADO: B

CANGILONES: 12
SEGUNDOS: 95
POSICION DEL TIEMPO: 11
LADO: A

CANGILONES: 13
SEGUNDOS: 83
POSICION DEL TIEMPO: 12
LADO: B

CANGILONES: 14
SEGUNDOS: 206
POSICION DEL TIEMPO: 13
LADO: A

TIEMPO_PROMEDIO: 90.15


CAMBIO A PLANILLA: 6
CANGILONES: 1
SEGUNDOS: 0
POSICION DEL TIEMPO: 0
LADO: B

CANGILONES: 2
SEGUNDOS: 22
POSICION DEL TIEMPO: 1
LADO: A

CANGILONES: 3
SEGUNDOS: 62
POSICION DEL TIEMPO: 2
LADO: B

CANGILONES: 4
SEGUNDOS: 71
POSICION DEL TIEMPO: 3
LADO: A

CANGILONES: 5
SEGUNDOS: 79
POSICION DEL TIEMPO: 4
LADO: B

CANGILONES: 6
SEGUNDOS: 52
POSICION DEL TIEMPO: 5
LADO: A

CANGILONES: 7
SEGUNDOS: 66
POSICION DEL TIEMPO: 6
LADO: B

CANGILONES: 8
SEGUNDOS: 57
POSICION DEL TIEMPO: 7
LADO: A

CANGILONES: 9
SEGUNDOS: 70
POSICION DEL TIEMPO: 8
LADO: B

CANGILONES: 10
SEGUNDOS: 61
POSICION DEL TIEMPO: 9
LADO: A

CANGILONES: 11
SEGUNDOS: 82
POSICION DEL TIEMPO: 10
LADO: B

CANGILONES: 12
SEGUNDOS: 66
POSICION DEL TIEMPO: 11
LADO: A

CANGILONES: 13
SEGUNDOS: 75
POSICION DEL TIEMPO: 12
LADO: B

CANGILONES: 14
SEGUNDOS: 67
POSICION DEL TIEMPO: 13
LADO: A

CANGILONES: 15
SEGUNDOS: 88
POSICION DEL TIEMPO: 14
LADO: B

TIEMPO_PROMEDIO: 65.57


CAMBIO A PLANILLA: 7
CANGILONES: 1
SEGUNDOS: 0
POSICION DEL TIEMPO: 0
LADO: A

CANGILONES: 2
SEGUNDOS: 69
POSICION DEL TIEMPO: 1
LADO: B

CANGILONES: 3
SEGUNDOS: 63
POSICION DEL TIEMPO: 2
LADO: A

CANGILONES: 4
SEGUNDOS: 76
POSICION DEL TIEMPO: 3
LADO: B

CANGILONES: 5
SEGUNDOS: 69
POSICION DEL TIEMPO: 4
LADO: A

CANGILONES: 6
SEGUNDOS: 87
POSICION DEL TIEMPO: 5
LADO: B

CANGILONES: 7
SEGUNDOS: 74
POSICION DEL TIEMPO: 6
LADO: A

CANGILONES: 8
SEGUNDOS: 87
POSICION DEL TIEMPO: 7
LADO: B

CANGILONES: 9
SEGUNDOS: 75
POSICION DEL TIEMPO: 8
LADO: A

CANGILONES: 10
SEGUNDOS: 94
POSICION DEL TIEMPO: 9
LADO: B

CANGILONES: 11
SEGUNDOS: 82
POSICION DEL TIEMPO: 10
LADO: A

CANGILONES: 12
SEGUNDOS: 92
POSICION DEL TIEMPO: 11
LADO: B

CANGILONES: 13
SEGUNDOS: 85
POSICION DEL TIEMPO: 12
LADO: A

CANGILONES: 14
SEGUNDOS: 98
POSICION DEL TIEMPO: 13
LADO: B

TIEMPO_PROMEDIO: 80.85


CAMBIO A PLANILLA: 8
CANGILONES: 1
SEGUNDOS: 0
POSICION DEL TIEMPO: 0
LADO: A

CANGILONES: 2
SEGUNDOS: 84
POSICION DEL TIEMPO: 1
LADO: B

CANGILONES: 3
SEGUNDOS: 72
POSICION DEL TIEMPO: 2
LADO: A

CANGILONES: 4
SEGUNDOS: 87
POSICION DEL TIEMPO: 3
LADO: B

CANGILONES: 5
SEGUNDOS: 81
POSICION DEL TIEMPO: 4
LADO: A

CANGILONES: 6
SEGUNDOS: 99
POSICION DEL TIEMPO: 5
LADO: B

CANGILONES: 7
SEGUNDOS: 83
POSICION DEL TIEMPO: 6
LADO: A

CANGILONES: 8
SEGUNDOS: 99
POSICION DEL TIEMPO: 7
LADO: B

CANGILONES: 9
SEGUNDOS: 85
POSICION DEL TIEMPO: 8
LADO: A

CANGILONES: 10
SEGUNDOS: 110
POSICION DEL TIEMPO: 9
LADO: B

CANGILONES: 11
SEGUNDOS: 90
POSICION DEL TIEMPO: 10
LADO: A

CANGILONES: 12
SEGUNDOS: 105
POSICION DEL TIEMPO: 11
LADO: B

CANGILONES: 13
SEGUNDOS: 95
POSICION DEL TIEMPO: 12
LADO: A

CANGILONES: 14
SEGUNDOS: 111
POSICION DEL TIEMPO: 13
LADO: B


PROMEDIO DE CANGILONES: 13.22
FINALIZACION DE PRUEBAS
