CANGILONES: 1
SEGUNDOS: 0
POSICION DEL TIEMPO: 0
LADO: A

CANGILONES: 2
SEGUNDOS: 83
POSICION DEL TIEMPO: 1
LADO: B

CANGILONES: 3
SEGUNDOS: 110
POSICION DEL TIEMPO: 2
LADO: A

CANGILONES: 4
SEGUNDOS: 87
POSICION DEL TIEMPO: 3
LADO: B

CANGILONES: 5
SEGUNDOS: 108
POSICION DEL TIEMPO: 4
LADO: A

CANGILONES: 6
SEGUNDOS: 83
POSICION DEL TIEMPO: 5
LADO: B

CANGILONES: 7
SEGUNDOS: 121
POSICION DEL TIEMPO: 6
LADO: A

TIEMPO_PROMEDIO: 98.67


CAMBIO A PLANILLA: 1
CANGILONES: 1
SEGUNDOS: 0
POSICION DEL TIEMPO: 0
LADO: B

CANGILONES: 2
SEGUNDOS: 61
POSICION DEL TIEMPO: 1
LADO: A

CANGILONES: 3
SEGUNDOS: 51
POSICION DEL TIEMPO: 2
LADO: B

CANGILONES: 4
SEGUNDOS: 60
POSICION DEL TIEMPO: 3
LADO: A

CANGILONES: 5
SEGUNDOS: 55
POSICION DEL TIEMPO: 4
LADO: B

CANGILONES: 6
SEGUNDOS: 63
POSICION DEL TIEMPO: 5
LADO: A

CANGILONES: 7
SEGUNDOS: 53
POSICION DEL TIEMPO: 6
LADO: B

TIEMPO_PROMEDIO: 57.17


CAMBIO A PLANILLA: 2
CANGILONES: 1
SEGUNDOS: 0
POSICION DEL TIEMPO: 0
LADO: A

CANGILONES: 2
SEGUNDOS: 61
POSICION DEL TIEMPO: 1
LADO: B

CANGILONES: 3
SEGUNDOS: 70
POSICION DEL TIEMPO: 2
LADO: A

CANGILONES: 4
SEGUNDOS: 103
POSICION DEL TIEMPO: 3
LADO: B

CANGILONES: 5
SEGUNDOS: 79
POSICION DEL TIEMPO: 4
LADO: A

CANGILONES: 6
SEGUNDOS: 78
POSICION DEL TIEMPO: 5
LADO: B

TIEMPO_PROMEDIO: 78.20


CAMBIO A PLANILLA: 3
CANGILONES: 1
SEGUNDOS: 0
POSICION DEL TIEMPO: 0
LADO: A

CANGILONES: 2
SEGUNDOS: 102
POSICION DEL TIEMPO: 1
LADO: B

CANGILONES: 3
SEGUNDOS: 83
POSICION DEL TIEMPO: 2
LADO: A

CANGILONES: 4
SEGUNDOS: 64
POSICION DEL TIEMPO: 3
LADO: B

CANGILONES: 5
SEGUNDOS: 92
POSICION DEL TIEMPO: 4
LADO: A

CANGILONES: 6
SEGUNDOS: 68
POSICION DEL TIEMPO: 5
LADO: B

CANGILONES: 7
SEGUNDOS: 109
POSICION DEL TIEMPO: 6
LADO: A

TIEMPO_PROMEDIO: 86.33


CAMBIO A PLANILLA: 4
CANGILONES: 1
SEGUNDOS: 0
POSICION DEL TIEMPO: 0
LADO: B

CANGILONES: 2
SEGUNDOS: 81
POSICION DEL TIEMPO: 1
LADO: A

CANGILONES: 3
SEGUNDOS: 70
POSICION DEL TIEMPO: 2
LADO: B

CANGILONES: 4
SEGUNDOS: 85
POSICION DEL TIEMPO: 3
LADO: A

CANGILONES: 5
SEGUNDOS: 49
POSICION DEL TIEMPO: 4
LADO: B

CANGILONES: 6
SEGUNDOS: 33
POSICION DEL TIEMPO: 5
LADO: A

CANGILONES: 7
SEGUNDOS: 90
POSICION DEL TIEMPO: 6
LADO: B

CANGILONES: 8
SEGUNDOS: 77
POSICION DEL TIEMPO: 7
LADO: A

TIEMPO_PROMEDIO: 69.29


CAMBIO A PLANILLA: 5
CANGILONES: 1
SEGUNDOS: 0
POSICION DEL TIEMPO: 0
LADO: B

CANGILONES: 2
SEGUNDOS: 72
POSICION DEL TIEMPO: 1
LADO: A

CANGILONES: 3
SEGUNDOS: 86
POSICION DEL TIEMPO: 2
LADO: B

CANGILONES: 4
SEGUNDOS: 71
POSICION DEL TIEMPO: 3
LADO: A

CANGILONES: 5
SEGUNDOS: 92
POSICION DEL TIEMPO: 4
LADO: B

CANGILONES: 6
SEGUNDOS: 73
POSICION DEL TIEMPO: 5
LADO: A

CANGILONES: 7
SEGUNDOS: 99
POSICION DEL TIEMPO: 6
LADO: B

CANGILONES: 8
SEGUNDOS: 83
POSICION DEL TIEMPO: 7
LADO: A

FINALIZACION DE PRUEBAS
PROMEDIO DE CANGILONES: 6.17
