CONTADOR: 0
TIEMPO_LCD: 0
CONTADOR: 1
TIEMPO_LCD: 4
CONTADOR: 2
TIEMPO_LCD: 9
CONTADOR: 3
TIEMPO_LCD: 1
CONTADOR: 4
TIEMPO_LCD: 14
CONTADOR: 0
TIEMPO_LCD: 0
COCONTADOR: 0
TIEMPO_LCD: 0
CONTADOR: 1
TIEMPO_LCD: 150
CONTADOR: 2
TIEMPO_LCD: 147
CONTADOR: 3
TIEMPO_LCD: 161
CONTADOR: 4
TIEMPO_LCD: 173
CONTADOR: 5
TIEMPO_LCD: 156
CONTADOR: 6
TIEMPO_LCD: 145
CONTADOR: 7
TIEMPO_LCD: 32
CONTADOR: 8
TIEMPO_LCD: 1
CONTADOR: 9
TIEMPO_LCD: 157
CONTADOR: 10
TIEMPO_LCD: 194
CONTADOR: 11
TIEMPO_LCD: 13
CONTADOR: 12
TIEMPO_LCD: 2
CONTADOR: 13
TIEMPO_LCD: 4
CONTADOR: 14
TIEMPO_LCD: 142
CONTADOR: 15
TIEMPO_LCD: 195
CONTADOR: 16
TIEMPO_LCD: 173
CONTADOR: 17
TIEMPO_LCD: 195
CONTADOR: 18
TIEMPO_LCD: 12
CONTADOR: 19
TIEMPO_LCD: 0
CONTADOR: 20
TIEMPO_LCD: 35
CONTADOR: 21
TIEMPO_LCD: 35
CONTADOR: 22
TIEMPO_LCD: 1
CONTADOR: 23
TIEMPO_LCD: 60
CONTADOR: 24
TIEMPO_LCD: 0
CONTADOR: 25
TIEMPO_LCD: 0
CONTADOR: 26
TIEMPO_LCD: 1
CONTADOR: 27
TIEMPO_LCD: 0
CONTADOR: 28
TIEMPO_LCD: 1
CONTADOR: 29
TIEMPO_LCD: 1
CONTADOR: 30
TIEMPO_LCD: 0
CONTADOR: 31
TIEMPO_LCD: 2
CONTADOR: 32
TIEMPO_LCD: 8
CONTADOR: 33
TIEMPO_LCD: 1
CONTADOR: 34
TIEMPO_LCD: 1
CONTADOR: 35
TIEMPO_LCD: 12
CONTADOR: 36
TIEMPO_LCD: 0
CONTADOR: 37
TIEMPO_LCD: 1
CONTADOR: 38
TIEMPO_LCD: 0
CONTADOR: 39
TIEMPO_LCD: 0
CONTADOR: 40
TIEMPO_LCD: 15
CONTADOR: 41
TIEMPO_LCD: 51
CONTADOR: 42
TIEMPO_LCD: 4
CONTADOR: 43
TIEMPO_LCD: 0
CONTADOR: 44
TIEMPO_LCD: 0
CONTADOR: 45
TIEMPO_LCD: 0
CONTADOR: 46
TIEMPO_LCD: 1
CONTADOR: 47
TIEMPO_LCD: 12
CONTADOR: 48
TIEMPO_LCD: 0
CONTADOR: 49
TIEMPO_LCD: 44
CONTADOR: 50
TIEMPO_LCD: 1
CONTADOR: 51
TIEMPO_LCD: 1
CONTADOR: 52
TIEMPO_LCD: 2
CONTADOR: 53
TIEMPO_LCD: 0
CONTADOR: 54
TIEMPO_LCD: 0
CONTADOR: 55
TIEMPO_LCD: 0
CONTADOR: 56
TIEMPO_LCD: 0
CONTADOR: 57
TIEMPO_LCD: 19
CONTADOR: 58
TIEMPO_LCD: 0
CONTADOR: 59
TIEMPO_LCD: 0
CONTADOR: 60
TIEMPO_LCD: 0
CONTADOR: 61
TIEMPO_LCD: 0
CONTADOR: 62
TIEMPO_LCD: 1
CONTADOR: 63
TIEMPO_LCD: 0
CONTADOR: 64
TIEMPO_LCD: 0
CONTADOR: 65
TIEMPO_LCD: 1
CONTADOR: 66
TIEMPO_LCD: 0
CONTADOR: 67
TIEMPO_LCD: 0
CONTADOR: 68
TIEMPO_LCD: 11
CONTADOR: 69
TIEMPO_LCD: 16
CONTADOR: 70
TIEMPO_LCD: 0
CONTADOR: 71
TIEMPO_LCD: 0
CONTADOR: 72
TIEMPO_LCD: 1
CONTADOR: 73
TIEMPO_LCD: 0
CONTADOR: 74
TIEMPO_LCD: 1
CONTADOR: 75
TIEMPO_LCD: 0
CONTADOR: 76
TIEMPO_LCD: 3
CONTADOR: 77
TIEMPO_LCD: 1
CONTADOR: 78
TIEMPO_LCD: 5
CONTADOR: 79
TIEMPO_LCD: 2
CONTADOR: 80
TIEMPO_LCD: 0
CONTADOR: 81
TIEMPO_LCD: 13
CONTADOR: 82
TIEMPO_LCD: 0
CONTADOR: 83
TIEMPO_LCD: 255
CONTADOR: 84
TIEMPO_LCD: 0
CONTADOR: 85
TIEMPO_LCD: 0
CONTADOR: 86
TIEMPO_LCD: 0
CONTADOR: 87
TIEMPO_LCD: 12
CONTADOR: 88
TIEMPO_LCD: 15
CONTADOR: 89
TIEMPO_LCD: 0
CONTADOR: 90
TIEMPO_LCD: 1
CONTADOR: 91
TIEMPO_LCD: 1
CONTADOR: 92
TIEMPO_LCD: 0
CONTADOR: 93
TIEMPO_LCD: 4
CONTADOR: 94
TIEMPO_LCD: 1
CONTADOR: 95
TIEMPO_LCD: 6
CONTADOR: 96
TIEMPO_LCD: 7
CONTADOR: 97
TIEMPO_LCD: 0
CONTADOR: 98
TIEMPO_LCD: 16
CONTADOR: 99
TIEMPO_LCD: 4
CONTADOR: 100
TIEMPO_LCD: 1
CONTADOR: 101
TIEMPO_LCD: 15
CONTADOR: 102
TIEMPO_LCD: 1
CONTADOR: 103
TIEMPO_LCD: 1
CONTADOR: 104
TIEMPO_LCD: 116
CONTADOR: 105
TIEMPO_LCD: 1
CONTADOR: 106
TIEMPO_LCD: 9
CONTADOR: 107
TIEMPO_LCD: 1
CONTADOR: 108
TIEMPO_LCD: 0
CONTADOR: 109
TIEMPO_LCD: 1
CONTADOR: 110
TIEMPO_LCD: 0
CONTADOR: 111
TIEMPO_LCD: 1
CONTADOR: 112
TIEMPO_LCD: 1
CONTADOR: 113
TIEMPO_LCD: 0
CONTADOR: 114
TIEMPO_LCD: 0
CONTADOR: 115
TIEMPO_LCD: 1
CONTADOR: 116
TIEMPO_LCD: 35
CONTADOR: 117
TIEMPO_LCD: 12
CONTADOR: 118
TIEMPO_LCD: 56
CONTADOR: 119
TIEMPO_LCD: 24
CONTADOR: 120
TIEMPO_LCD: 0
CONTADOR: 121
TIEMPO_LCD: 12
CONTADOR: 122
TIEMPO_LCD: 1
CONTADOR: 123
TIEMPO_LCD: 4
CONTADOR: 124
TIEMPO_LCD: 8
CONTADOR: 125
TIEMPO_LCD: 29
CONTADOR: 126
TIEMPO_LCD: 28
CONTADOR: 127
TIEMPO_LCD: 1
CONTADOR: 128
TIEMPO_LCD: 1
CONTADOR: 129
TIEMPO_LCD: 0
CONTADOR: 130
TIEMPO_LCD: 0
CONTADOR: 131
TIEMPO_LCD: 1
CONTADOR: 132
TIEMPO_LCD: 0
CONTADOR: 133
TIEMPO_LCD: 0
CONTADOR: 134
TIEMPO_LCD: 0
CONTADOR: 135
TIEMPO_LCD: 0
CONTADOR: 136
TIEMPO_LCD: 0
CONTADOR: 137
TIEMPO_LCD: 1
CONTADOR: 138
TIEMPO_LCD: 0
CONTADOR: 139
TIEMPO_LCD: 1
CONTADOR: 140
TIEMPO_LCD: 0
CONTADOR: 141
TIEMPO_LCD: 0
CONTADOR: 142
TIEMPO_LCD: 11
CONTADOR: 143
TIEMPO_LCD: 0
CONTADOR: 144
TIEMPO_LCD: 0
CONTADOR: 145
TIEMPO_LCD: 4
CONTADOR: 146
TIEMPO_LCD: 5
CONTADOR: 147
TIEMPO_LCD: 105
CONTADOR: 148
TIEMPO_LCD: 1
CONTADOR: 149
TIEMPO_LCD: 2
CONTADOR: 150
TIEMPO_LCD: 40
CONTADOR: 151
TIEMPO_LCD: 1
CONTADOR: 152
TIEMPO_LCD: 0
CONTADOR: 153
TIEMPO_LCD: 0
CONTADOR: 154
TIEMPO_LCD: 2
CONTADOR: 155
TIEMPO_LCD: 4
CONTADOR: 156
TIEMPO_LCD: 3
CONTADOR: 157
TIEMPO_LCD: 9
CONTADOR: 158
TIEMPO_LCD: 141
CONTADOR: 159
TIEMPO_LCD: 1
CONTADOR: 160
TIEMPO_LCD: 0
CONTADOR: 161
TIEMPO_LCD: 0
CONTADOR: 162
TIEMPO_LCD: 0
CONTADOR: 163
TIEMPO_LCD: 0
CONTADOR: 164
TIEMPO_LCD: 0
CONTADOR: 165
TIEMPO_LCD: 0
CONTADOR: 166
TIEMPO_LCD: 1
CONTADOR: 167
TIEMPO_LCD: 0
CONTADOR: 168
TIEMPO_LCD: 0
CONTADOR: 169
TIEMPO_LCD: 0
CONTADOR: 170
TIEMPO_LCD: 1
CONTADOR: 171
TIEMPO_LCD: 0
CONTADOR: 172
TIEMPO_LCD: 9
CONTADOR: 173
TIEMPO_LCD: 0
CONTADOR: 174
TIEMPO_LCD: 0
CONTADOR: 175
TIEMPO_LCD: 0
CONTADOR: 176
TIEMPO_LCD: 0
CONTADOR: 177
TIEMPO_LCD: 1
CONTADOR: 178
TIEMPO_LCD: 0
CONTADOR: 179
TIEMPO_LCD: 1
CONTADOR: 180
TIEMPO_LCD: 0
CONTADOR: 181
TIEMPO_LCD: 0
CONTADOR: 182
TIEMPO_LCD: 0
CONTADOR: 183
TIEMPO_LCD: 1
CONTADOR: 184
TIEMPO_LCD: 0
CONTADOR: 185
TIEMPO_LCD: 0
CONTADOR: 186
TIEMPO_LCD: 0
CONTADOR: 187
TIEMPO_LCD: 1
CONTADOR: 188
TIEMPO_LCD: 0
CONTADOR: 189
TIEMPO_LCD: 0
CONTADOR: 190
TIEMPO_LCD: 0
CONTADOR: 191
TIEMPO_LCD: 0
CONTADOR: 192
TIEMPO_LCD: 1
CONTADOR: 193
TIEMPO_LCD: 0
CONTADOR: 194
TIEMPO_LCD: 0
CONTADOR: 195
TIEMPO_LCD: 1
CONTADOR: 196
TIEMPO_LCD: 1
CONTADOR: 197
TIEMPO_LCD: 0
CONTADOR: 198
TIEMPO_LCD: 1
CONTADOR: 199
TIEMPO_LCD: 0
CONTADOR: 200
TIEMPO_LCD: 1
CONTADOR: 201
TIEMPO_LCD: 5
CONTADOR: 202
TIEMPO_LCD: 0
CONTADOR: 203
TIEMPO_LCD: 0
CONTADOR: 204
TIEMPO_LCD: 1
CONTADOR: 205
TIEMPO_LCD: 0
CONTADOR: 206
TIEMPO_LCD: 7
CONTADOR: 207
TIEMPO_LCD: 0
CONTADOR: 208
TIEMPO_LCD: 0
CONTADOR: 209
TIEMPO_LCD: 2
CONTADOR: 210
TIEMPO_LCD: 1
CONTADOR: 211
TIEMPO_LCD: 1
CONTADOR: 212
TIEMPO_LCD: 0
CONTADOR: 213
TIEMPO_LCD: 0
CONTADOR: 214
TIEMPO_LCD: 0
CONTADOR: 215
TIEMPO_LCD: 0
CONTADOR: 216
TIEMPO_LCD: 1
CONTADOR: 217
TIEMPO_LCD: 0
