MEDICION INICIADA
PRESIONE * PARA REINICIAR
PRESIONE - PARA CONTINUAR
LADO: B
AGUA: 7.90
TIEMPO: 23
 
LADO: A
AGUA: 15.80
TIEMPO: -17
 
LADO: B
AGUA: 23.70
TIEMPO: 10
 
LADO: A
AGUA: 31.60
TIEMPO: -11
 
LADO: B
AGUA: 39.50
TIEMPO: 11
 
LADO: A
AGUA: 47.40
TIEMPO: 41
 
LADO: B
AGUA: 55.30
TIEMPO: -42
 
LADO: A
AGUA: 63.20
TIEMPO: 1
 
LADO: B
AGUA: 71.10
TIEMPO: 24
 
LADO: A
AGUA: 79.00
TIEMPO: 8
 
LADO: B
AGUA: 86.90
TIEMPO: -29
 
LADO: A
AGUA: 94.80
TIEMPO: 30
 
LADO: B
AGUA: 102.70
TIEMPO: -26
 
LADO: A
AGUA: 110.60
TIEMPO: 15
 
LADO: B
AGUA: 118.50
TIEMPO: -19
 
LADO: A
AGUA: 126.40
TIEMPO: 12
 
LADO: B
AGUA: 134.30
TIEMPO: -20
 
LADO: A
AGUA: 142.20
TIEMPO: 22
 
LADO: B
AGUA: 150.10
TIEMPO: -19
 
LADO: A
AGUA: 158.00
TIEMPO: 1
 
LADO: B
AGUA: 165.90
TIEMPO: 40
 
LADO: A
AGUA: 173.80
TIEMPO: 4
 
LADO: B
AGUA: 181.70
TIEMPO: -17
 
LADO: A
AGUA: 189.60
TIEMPO: 7
 
LADO: B
AGUA: 197.50
TIEMPO: -9
 
LADO: A
AGUA: 205.40
TIEMPO: 15
 
LADO: B
AGUA: 213.30
TIEMPO: -9
 
LADO: A
AGUA: 221.20
TIEMPO: -41
 
LADO: B
AGUA: 229.10
TIEMPO: 5
 
LADO: A
AGUA: 237.00
TIEMPO: -8
 
LADO: B
AGUA: 244.90
TIEMPO: 4
 
LADO: A
AGUA: 252.80
TIEMPO: 34
 
LADO: B
AGUA: 260.70
TIEMPO: 8
 
LADO: A
AGUA: 268.60
TIEMPO: -13
 
LADO: B
AGUA: 276.50
TIEMPO: 13
 
LADO: A
AGUA: 284.40
TIEMPO: -6
 
MEDICION PAUSADA
PRESIONE + PARA CONTINUAR
PRESIONE * PARA REINICIAR
AGUA: 284.40
MEDICION INICIADA
PRESIONE * PARA REINICIAR
PRESIONE - PARA CONTINUAR
LADO: B
AGUA: 7.90
TIEMPO: 50
 
LADO: A
AGUA: 15.80
TIEMPO: -35
 
LADO: B
AGUA: 23.70
TIEMPO: 39
 
LADO: A
AGUA: 31.60
TIEMPO: 4
 
LADO: B
AGUA: 39.50
TIEMPO: -6
 
LADO: A
AGUA: 47.40
TIEMPO: 7
 
LADO: B
AGUA: 55.30
TIEMPO: -5
 
LADO: A
AGUA: 63.20
TIEMPO: -50
 
LADO: B
AGUA: 71.10
TIEMPO: -1
 
LADO: A
AGUA: 79.00
TIEMPO: 11
 
LADO: B
AGUA: 86.90
TIEMPO: 12
 
LADO: A
AGUA: 94.80
TIEMPO: 27
 
LADO: B
AGUA: 102.70
TIEMPO: 3
 
LADO: A
AGUA: 110.60
TIEMPO: -36
 
LADO: B
AGUA: 118.50
TIEMPO: 4
 
LADO: A
AGUA: 126.40
TIEMPO: 35
 
LADO: B
AGUA: 134.30
TIEMPO: -53
 
LADO: A
AGUA: 142.20
TIEMPO: 18
 
LADO: B
AGUA: 150.10
TIEMPO: 7
 
LADO: A
AGUA: 158.00
TIEMPO: 19
 
LADO: B
AGUA: 165.90
TIEMPO: 9
 
LADO: A
AGUA: 173.80
TIEMPO: -40
 
LADO: B
AGUA: 181.70
TIEMPO: 11
 
LADO: A
AGUA: 189.60
TIEMPO: 23
 
LADO: B
AGUA: 197.50
TIEMPO: -52
 
LADO: A
AGUA: 205.40
TIEMPO: 24
 
LADO: B
AGUA: 213.30
TIEMPO: 11
 
LADO: A
AGUA: 221.20
TIEMPO: -36
 
LADO: B
AGUA: 229.10
TIEMPO: 15
 
LADO: A
AGUA: 237.00
TIEMPO: 30
 
LADO: B
AGUA: 244.90
TIEMPO: 14
 
LADO: A
AGUA: 252.80
TIEMPO: -30
 
MEDICION PAUSADA
PRESIONE + PARA CONTINUAR
PRESIONE * PARA REINICIAR
AGUA: 252.80
