CANGILONES: 2
SEGUNDOS: 133
POSICION DEL TIEMPO: 1
LADO: B

CANGILONES: 3
SEGUNDOS: 95
POSICION DEL TIEMPO: 2
LADO: A

CANGILONES: 4
SEGUNDOS: 120
POSICION DEL TIEMPO: 3
LADO: B

CANGILONES: 5
SEGUNDOS: 97
POSICION DEL TIEMPO: 4
LADO: A

CANGILONES: 6
SEGUNDOS: 125
POSICION DEL TIEMPO: 5
LADO: B

CANGILONES: 7
SEGUNDOS: 136
POSICION DEL TIEMPO: 6
LADO: A

CANGILONES: 8
SEGUNDOS: 134
POSICION DEL TIEMPO: 7
LADO: B

CANGILONES: 9
SEGUNDOS: 134
POSICION DEL TIEMPO: 8
LADO: A

CANGILONES: 10
SEGUNDOS: 136
POSICION DEL TIEMPO: 9
LADO: B

CANGILONES: 11
SEGUNDOS: 243
POSICION DEL TIEMPO: 10
LADO: A

CANGILONES: 12
SEGUNDOS: 191
POSICION DEL TIEMPO: 11
LADO: B

TIEMPO_PROMEDIO: 140.36


CAMBIO A PLANILLA: 1
CANGILONES: 1
SEGUNDOS: 0
POSICION DEL TIEMPO: 0
LADO: A

CANGILONES: 2
SEGUNDOS: 86
POSICION DEL TIEMPO: 1
LADO: B

CANGILONES: 3
SEGUNDOS: 101
POSICION DEL TIEMPO: 2
LADO: A

CANGILONES: 4
SEGUNDOS: 117
POSICION DEL TIEMPO: 3
LADO: B

CANGILONES: 5
SEGUNDOS: 96
POSICION DEL TIEMPO: 4
LADO: A

CANGILONES: 6
SEGUNDOS: 89
POSICION DEL TIEMPO: 5
LADO: B

CANGILONES: 7
SEGUNDOS: 102
POSICION DEL TIEMPO: 6
LADO: A

CANGILONES: 8
SEGUNDOS: 107
POSICION DEL TIEMPO: 7
LADO: B

CANGILONES: 9
SEGUNDOS: 110
POSICION DEL TIEMPO: 8
LADO: A

CANGILONES: 10
SEGUNDOS: 124
POSICION DEL TIEMPO: 9
LADO: B

TIEMPO_PROMEDIO: 103.56


CAMBIO A PLANILLA: 2
CANGILONES: 1
SEGUNDOS: 0
POSICION DEL TIEMPO: 0
LADO: A

CANGILONES: 2
SEGUNDOS: 123
POSICION DEL TIEMPO: 1
LADO: B

CANGILONES: 3
SEGUNDOS: 133
POSICION DEL TIEMPO: 2
LADO: A

CANGILONES: 4
SEGUNDOS: 130
POSICION DEL TIEMPO: 3
LADO: B

CANGILONES: 5
SEGUNDOS: 154
POSICION DEL TIEMPO: 4
LADO: A

CANGILONES: 6
SEGUNDOS: 129
POSICION DEL TIEMPO: 5
LADO: B

CANGILONES: 7
SEGUNDOS: 146
POSICION DEL TIEMPO: 6
LADO: A

CANGILONES: 8
SEGUNDOS: 144
POSICION DEL TIEMPO: 7
LADO: B

CANGILONES: 9
SEGUNDOS: 157
POSICION DEL TIEMPO: 8
LADO: A

CANGILONES: 10
SEGUNDOS: 135
POSICION DEL TIEMPO: 9
LADO: B

CANGILONES: 11
SEGUNDOS: 176
POSICION DEL TIEMPO: 10
LADO: A

TIEMPO_PROMEDIO: 142.70


CAMBIO A PLANILLA: 3
CANGILONES: 1
SEGUNDOS: 0
POSICION DEL TIEMPO: 0
LADO: B

CANGILONES: 2
SEGUNDOS: 154
POSICION DEL TIEMPO: 1
LADO: A

CANGILONES: 3
SEGUNDOS: 124
POSICION DEL TIEMPO: 2
LADO: B

CANGILONES: 4
SEGUNDOS: 171
POSICION DEL TIEMPO: 3
LADO: A

CANGILONES: 5
SEGUNDOS: 146
POSICION DEL TIEMPO: 4
LADO: B

CANGILONES: 6
SEGUNDOS: 172
POSICION DEL TIEMPO: 5
LADO: A

CANGILONES: 7
SEGUNDOS: 160
POSICION DEL TIEMPO: 6
LADO: B

CANGILONES: 8
SEGUNDOS: 180
POSICION DEL TIEMPO: 7
LADO: A

CANGILONES: 9
SEGUNDOS: 178
POSICION DEL TIEMPO: 8
LADO: B

CANGILONES: 10
SEGUNDOS: 179
POSICION DEL TIEMPO: 9
LADO: A

CANGILONES: 11
SEGUNDOS: 165
POSICION DEL TIEMPO: 10
LADO: B

TIEMPO_PROMEDIO: 162.90


CAMBIO A PLANILLA: 4
CANGILONES: 1
SEGUNDOS: 0
POSICION DEL TIEMPO: 0
LADO: A

CANGILONES: 2
SEGUNDOS: 173
POSICION DEL TIEMPO: 1
LADO: B

CANGILONES: 3
SEGUNDOS: 166
POSICION DEL TIEMPO: 2
LADO: A

CANGILONES: 4
SEGUNDOS: 147
POSICION DEL TIEMPO: 3
LADO: B

CANGILONES: 5
SEGUNDOS: 170
POSICION DEL TIEMPO: 4
LADO: A

CANGILONES: 6
SEGUNDOS: 135
POSICION DEL TIEMPO: 5
LADO: B

CANGILONES: 7
SEGUNDOS: 174
POSICION DEL TIEMPO: 6
LADO: A

CANGILONES: 8
SEGUNDOS: 147
POSICION DEL TIEMPO: 7
LADO: B

CANGILONES: 9
SEGUNDOS: 175
POSICION DEL TIEMPO: 8
LADO: A

CANGILONES: 10
SEGUNDOS: 159
POSICION DEL TIEMPO: 9
LADO: B

CANGILONES: 11
SEGUNDOS: 195
POSICION DEL TIEMPO: 10
LADO: A

CANGILONES: 12
SEGUNDOS: 513
POSICION DEL TIEMPO: 11
LADO: B

TIEMPO_PROMEDIO: 195.82


CAMBIO A PLANILLA: 5
CANGILONES: 1
SEGUNDOS: 0
POSICION DEL TIEMPO: 0
LADO: A

CANGILONES: 2
SEGUNDOS: 134
POSICION DEL TIEMPO: 1
LADO: B

CANGILONES: 3
SEGUNDOS: 166
POSICION DEL TIEMPO: 2
LADO: A

CANGILONES: 4
SEGUNDOS: 136
POSICION DEL TIEMPO: 3
LADO: B

CANGILONES: 5
SEGUNDOS: 178
POSICION DEL TIEMPO: 4
LADO: A

CANGILONES: 6
SEGUNDOS: 139
POSICION DEL TIEMPO: 5
LADO: B

CANGILONES: 7
SEGUNDOS: 181
POSICION DEL TIEMPO: 6
LADO: A

CANGILONES: 8
SEGUNDOS: 137
POSICION DEL TIEMPO: 7
LADO: B

CANGILONES: 9
SEGUNDOS: 183
POSICION DEL TIEMPO: 8
LADO: A

CANGILONES: 10
SEGUNDOS: 144
POSICION DEL TIEMPO: 9
LADO: B

CANGILONES: 11
SEGUNDOS: 194
POSICION DEL TIEMPO: 10
LADO: A

CANGILONES: 12
SEGUNDOS: 172
POSICION DEL TIEMPO: 11
LADO: B

TIEMPO_PROMEDIO: 160.36


CAMBIO A PLANILLA: 6
CANGILONES: 1
SEGUNDOS: 0
POSICION DEL TIEMPO: 0
LADO: A

CANGILONES: 2
SEGUNDOS: 129
POSICION DEL TIEMPO: 1
LADO: B

CANGILONES: 3
SEGUNDOS: 163
POSICION DEL TIEMPO: 2
LADO: A

CANGILONES: 4
SEGUNDOS: 154
POSICION DEL TIEMPO: 3
LADO: B

CANGILONES: 5
SEGUNDOS: 167
POSICION DEL TIEMPO: 4
LADO: A

CANGILONES: 6
SEGUNDOS: 150
POSICION DEL TIEMPO: 5
LADO: B

CANGILONES: 7
SEGUNDOS: 177
POSICION DEL TIEMPO: 6
LADO: A

CANGILONES: 8
SEGUNDOS: 155
POSICION DEL TIEMPO: 7
LADO: B

CANGILONES: 9
SEGUNDOS: 185
POSICION DEL TIEMPO: 8
LADO: A

CANGILONES: 10
SEGUNDOS: 167
POSICION DEL TIEMPO: 9
LADO: B

CANGILONES: 11
SEGUNDOS: 275
POSICION DEL TIEMPO: 10
LADO: A

TIEMPO_PROMEDIO: 172.20


CAMBIO A PLANILLA: 7
CANGILONES: 1
SEGUNDOS: 0
POSICION DEL TIEMPO: 0
LADO: B

CANGILONES: 2
SEGUNDOS: 292
POSICION DEL TIEMPO: 1
LADO: A

CANGILONES: 3
SEGUNDOS: 320
POSICION DEL TIEMPO: 2
LADO: B

CANGILONES: 4
SEGUNDOS: 300
POSICION DEL TIEMPO: 3
LADO: A

CANGILONES: 5
SEGUNDOS: 252
POSICION DEL TIEMPO: 4
LADO: B

CANGILONES: 6
SEGUNDOS: 341
POSICION DEL TIEMPO: 5
LADO: A

CANGILONES: 7
SEGUNDOS: 210
POSICION DEL TIEMPO: 6
LADO: B

CANGILONES: 8
SEGUNDOS: 52
POSICION DEL TIEMPO: 7
LADO: A

CANGILONES: 9
SEGUNDOS: 348
POSICION DEL TIEMPO: 8
LADO: B

CANGILONES: 10
SEGUNDOS: 301
POSICION DEL TIEMPO: 9
LADO: A

CANGILONES: 11
SEGUNDOS: 363
POSICION DEL TIEMPO: 10
LADO: B

CANGILONES: 12
SEGUNDOS: 340
POSICION DEL TIEMPO: 11
LADO: A

CANGILONES: 13
SEGUNDOS: 822
POSICION DEL TIEMPO: 12
LADO: B

TIEMPO_PROMEDIO: 328.42


CAMBIO A PLANILLA: 8
CANGILONES: 1
SEGUNDOS: 0
POSICION DEL TIEMPO: 0
LADO: A

CANGILONES: 2
SEGUNDOS: 176
POSICION DEL TIEMPO: 1
LADO: B

CANGILONES: 3
SEGUNDOS: 175
POSICION DEL TIEMPO: 2
LADO: A

CANGILONES: 4
SEGUNDOS: 158
POSICION DEL TIEMPO: 3
LADO: B

CANGILONES: 5
SEGUNDOS: 200
POSICION DEL TIEMPO: 4
LADO: A

CANGILONES: 6
SEGUNDOS: 164
POSICION DEL TIEMPO: 5
LADO: B

CANGILONES: 7
SEGUNDOS: 144
POSICION DEL TIEMPO: 6
LADO: A

CANGILONES: 8
SEGUNDOS: 123
POSICION DEL TIEMPO: 7
LADO: B

CANGILONES: 9
SEGUNDOS: 156
POSICION DEL TIEMPO: 8
LADO: A

CANGILONES: 10
SEGUNDOS: 132
POSICION DEL TIEMPO: 9
LADO: B

CANGILONES: 11
SEGUNDOS: 162
POSICION DEL TIEMPO: 10
LADO: A

CANGILONES: 12
SEGUNDOS: 202
POSICION DEL TIEMPO: 11
LADO: B

TIEMPO_PROMEDIO: 162.91


CAMBIO A PLANILLA: 9
CANGILONES: 1
SEGUNDOS: 0
POSICION DEL TIEMPO: 0
LADO: A

CANGILONES: 2
SEGUNDOS: 149
POSICION DEL TIEMPO: 1
LADO: B

CANGILONES: 3
SEGUNDOS: 191
POSICION DEL TIEMPO: 2
LADO: A

CANGILONES: 4
SEGUNDOS: 160
POSICION DEL TIEMPO: 3
LADO: B

CANGILONES: 5
SEGUNDOS: 191
POSICION DEL TIEMPO: 4
LADO: A

CANGILONES: 6
SEGUNDOS: 172
POSICION DEL TIEMPO: 5
LADO: B

CANGILONES: 7
SEGUNDOS: 211
POSICION DEL TIEMPO: 6
LADO: A

CANGILONES: 8
SEGUNDOS: 180
POSICION DEL TIEMPO: 7
LADO: B

CANGILONES: 9
SEGUNDOS: 245
POSICION DEL TIEMPO: 8
LADO: A

CANGILONES: 10
SEGUNDOS: 198
POSICION DEL TIEMPO: 9
LADO: B


PROMEDIO DE CANGILONES: 10.40
FINALIZACION DE PRUEBAS
