PRESIONE + PARA INICIAR
PRESIONE - PARA PAUSAR
PRESIONE * PARA REINICIAR

MEDICION INICIADA
PRESIONE * PARA REINICIAR
PRESIONE - PARA CONTINUAR

LADO: B
AGUA: 7.90
TIEMPO: 45
 
LADO: A
AGUA: 15.80
TIEMPO: -9
 
LADO: B
AGUA: 23.70
TIEMPO: -19
 
LADO: A
AGUA: 31.60
TIEMPO: -12
 
LADO: B
AGUA: 39.50
TIEMPO: 39
 
LADO: A
AGUA: 47.40
TIEMPO: -9
 
LADO: B
AGUA: 55.30
TIEMPO: -17
 
LADO: A
AGUA: 63.20
TIEMPO: -10
 
LADO: B
AGUA: 71.10
TIEMPO: 41
 
LADO: A
AGUA: 79.00
TIEMPO: -9
 
LADO: B
AGUA: 86.90
TIEMPO: -19
 
LADO: A
AGUA: 94.80
TIEMPO: -10
 
LADO: B
AGUA: 102.70
TIEMPO: 41
 
LADO: A
AGUA: 110.60
TIEMPO: -10
 
LADO: B
AGUA: 118.50
TIEMPO: -19
 
LADO: A
AGUA: 126.40
TIEMPO: -9
 
LADO: B
AGUA: 134.30
TIEMPO: 41
 
LADO: A
AGUA: 142.20
TIEMPO: -7
 
LADO: B
AGUA: 150.10
TIEMPO: -15
 
LADO: A
AGUA: 158.00
TIEMPO: 0
 
LADO: B
AGUA: 165.90
TIEMPO: -18
 
LADO: A
AGUA: 173.80
TIEMPO: -6
 
LADO: B
AGUA: 181.70
TIEMPO: 43
 
LADO: A
AGUA: 189.60
TIEMPO: -3
 
LADO: B
AGUA: 197.50
TIEMPO: -17
 
LADO: A
AGUA: 205.40
TIEMPO: -7
 
LADO: B
AGUA: 213.30
TIEMPO: -17
 
LADO: A
AGUA: 221.20
TIEMPO: -5
 
LADO: B
AGUA: 229.10
TIEMPO: 46
 
LADO: A
AGUA: 237.00
TIEMPO: -2
 
MEDICION PAUSADA
PRESIONE + PARA CONTINUAR
PRESIONE * PARA REINICIAR
MEDICION INICIADA
PRESIONE * PARA REINICIAR
PRESIONE - PARA CONTINUAR

LADO: B
AGUA: 244.90
TIEMPO: -18
 
LADO: A
AGUA: 252.80
TIEMPO: -2
 
MEDICION PAUSADA
PRESIONE + PARA CONTINUAR
PRESIONE * PARA REINICIAR
AGUA: 252.80
MEDICION INICIADA
PRESIONE * PARA REINICIAR
PRESIONE - PARA CONTINUAR

LADO: B
AGUA: 7.90
TIEMPO: 13
 
LADO: A
AGUA: 15.80
TIEMPO: -5
 
LADO: B
AGUA: 23.70
TIEMPO: 44
 
LADO: A
AGUA: 31.60
TIEMPO: -4
 
LADO: B
AGUA: 39.50
TIEMPO: -14
 
LADO: A
AGUA: 47.40
TIEMPO: -4
 
LADO: B
AGUA: 55.30
TIEMPO: -15
 
LADO: A
AGUA: 63.20
TIEMPO: -4
 
LADO: B
AGUA: 71.10
TIEMPO: 46
 
LADO: A
AGUA: 79.00
TIEMPO: -3
 
LADO: B
AGUA: 86.90
TIEMPO: -26
 
LADO: A
AGUA: 94.80
TIEMPO: 5
 
LADO: B
AGUA: 102.70
TIEMPO: -8
 
LADO: A
AGUA: 110.60
TIEMPO: 3
 
LADO: B
AGUA: 118.50
TIEMPO: -9
 
LADO: A
AGUA: 126.40
TIEMPO: 4
 
LADO: B
AGUA: 134.30
TIEMPO: -9
 
LADO: A
AGUA: 142.20
TIEMPO: -7
 
LADO: B
AGUA: 150.10
TIEMPO: 47
 
LADO: A
AGUA: 158.00
TIEMPO: -2
 
LADO: B
AGUA: 165.90
TIEMPO: -14
 
LADO: A
AGUA: 173.80
TIEMPO: -3
 
LADO: B
AGUA: 181.70
TIEMPO: -13
 
LADO: A
AGUA: 189.60
TIEMPO: 1
 
LADO: B
AGUA: 197.50
TIEMPO: -13
 
LADO: A
AGUA: 205.40
TIEMPO: -3
 
LADO: B
AGUA: 213.30
TIEMPO: 47
 
LADO: A
AGUA: 221.20
TIEMPO: -1
 
LADO: B
AGUA: 229.10
TIEMPO: -13
 
LADO: A
AGUA: 237.00
TIEMPO: -1
 
LADO: B
AGUA: 244.90
TIEMPO: -16
 
LADO: A
AGUA: 252.80
TIEMPO: -17
 
LADO: B
AGUA: 260.70
TIEMPO: 37
 
LADO: A
AGUA: 268.60
TIEMPO: -10
 
LADO: B
AGUA: 276.50
TIEMPO: -23
 
LADO: A
AGUA: 284.40
TIEMPO: 46
 
LADO: B
AGUA: 292.30
TIEMPO: -23
 
LADO: A
AGUA: 300.20
TIEMPO: -14
 
LADO: B
AGUA: 308.10
TIEMPO: 39
 
LADO: A
AGUA: 316.00
TIEMPO: -13
 
LADO: B
AGUA: 323.90
TIEMPO: -21
 
LADO: A
AGUA: 331.80
TIEMPO: -12
 
LADO: B
AGUA: 339.70
TIEMPO: 40
 
LADO: A
AGUA: 347.60
TIEMPO: -12
 
LADO: B
AGUA: 355.50
TIEMPO: -19
 
LADO: A
AGUA: 363.40
TIEMPO: -10
 
LADO: B
AGUA: 371.30
TIEMPO: 41
 
LADO: A
AGUA: 379.20
TIEMPO: -9
 
LADO: B
AGUA: 387.10
TIEMPO: -9
 
MEDICION PAUSADA
PRESIONE + PARA CONTINUAR
PRESIONE * PARA REINICIAR
