
AGUA EN MEDICIÓN: 80

PLANILLA: 0
CANGILONES: 1
SEGUNDOS: 0
POSICION DEL TIEMPO: 0
LADO: A

CANGILONES: 2
SEGUNDOS: 222
POSICION DEL TIEMPO: 1
LADO: B

CANGILONES: 3
SEGUNDOS: 249
POSICION DEL TIEMPO: 2
LADO: A

CANGILONES: 4
SEGUNDOS: 227
POSICION DEL TIEMPO: 3
LADO: B

CANGILONES: 5
SEGUNDOS: 342
POSICION DEL TIEMPO: 4
LADO: A

CANGILONES: 6
SEGUNDOS: 253
POSICION DEL TIEMPO: 5
LADO: B

CANGILONES: 7
SEGUNDOS: 319
POSICION DEL TIEMPO: 6
LADO: A

CANGILONES: 8
SEGUNDOS: 278
POSICION DEL TIEMPO: 7
LADO: B

CANGILONES: 9
SEGUNDOS: 352
POSICION DEL TIEMPO: 8
LADO: A

CANGILONES: 10
SEGUNDOS: 292
POSICION DEL TIEMPO: 9
LADO: B

CANGILONES: 11
SEGUNDOS: 363
POSICION DEL TIEMPO: 10
LADO: A

CANGILONES: 12
SEGUNDOS: 311
POSICION DEL TIEMPO: 11
LADO: B

CANGILONES: 13
SEGUNDOS: 366
POSICION DEL TIEMPO: 12
LADO: A

CANGILONES: 14
SEGUNDOS: 400
POSICION DEL TIEMPO: 13
LADO: B

TIEMPO_PROMEDIO: 305.69


CAMBIO A PLANILLA: 1
CANGILONES: 1
SEGUNDOS: 0
POSICION DEL TIEMPO: 0
LADO: A

CANGILONES: 2
SEGUNDOS: 133
POSICION DEL TIEMPO: 1
LADO: B

CANGILONES: 3
SEGUNDOS: 192
POSICION DEL TIEMPO: 2
LADO: A

CANGILONES: 4
SEGUNDOS: 139
POSICION DEL TIEMPO: 3
LADO: B

CANGILONES: 5
SEGUNDOS: 154
POSICION DEL TIEMPO: 4
LADO: A

CANGILONES: 6
SEGUNDOS: 130
POSICION DEL TIEMPO: 5
LADO: B

CANGILONES: 7
SEGUNDOS: 175
POSICION DEL TIEMPO: 6
LADO: A

CANGILONES: 8
SEGUNDOS: 151
POSICION DEL TIEMPO: 7
LADO: B

CANGILONES: 9
SEGUNDOS: 175
POSICION DEL TIEMPO: 8
LADO: A

CANGILONES: 10
SEGUNDOS: 193
POSICION DEL TIEMPO: 9
LADO: B

CANGILONES: 11
SEGUNDOS: 174
POSICION DEL TIEMPO: 10
LADO: A

CANGILONES: 12
SEGUNDOS: 154
POSICION DEL TIEMPO: 11
LADO: B

CANGILONES: 13
SEGUNDOS: 193
POSICION DEL TIEMPO: 12
LADO: A

CANGILONES: 14
SEGUNDOS: 292
POSICION DEL TIEMPO: 13
LADO: B

TIEMPO_PROMEDIO: 173.46


CAMBIO A PLANILLA: 2
CANGILONES: 1
SEGUNDOS: 0
POSICION DEL TIEMPO: 0
LADO: A

CANGILONES: 2
SEGUNDOS: 192
POSICION DEL TIEMPO: 1
LADO: B

CANGILONES: 3
SEGUNDOS: 250
POSICION DEL TIEMPO: 2
LADO: A

CANGILONES: 4
SEGUNDOS: 208
POSICION DEL TIEMPO: 3
LADO: B

CANGILONES: 5
SEGUNDOS: 269
POSICION DEL TIEMPO: 4
LADO: A

CANGILONES: 6
SEGUNDOS: 212
POSICION DEL TIEMPO: 5
LADO: B

CANGILONES: 7
SEGUNDOS: 262
POSICION DEL TIEMPO: 6
LADO: A

CANGILONES: 8
SEGUNDOS: 223
POSICION DEL TIEMPO: 7
LADO: B

CANGILONES: 9
SEGUNDOS: 271
POSICION DEL TIEMPO: 8
LADO: A

CANGILONES: 10
SEGUNDOS: 230
POSICION DEL TIEMPO: 9
LADO: B

CANGILONES: 11
SEGUNDOS: 296
POSICION DEL TIEMPO: 10
LADO: A

CANGILONES: 12
SEGUNDOS: 246
POSICION DEL TIEMPO: 11
LADO: B

CANGILONES: 13
SEGUNDOS: 315
POSICION DEL TIEMPO: 12
LADO: A

CANGILONES: 14
SEGUNDOS: 263
POSICION DEL TIEMPO: 13
LADO: B

TIEMPO_PROMEDIO: 249.00


CAMBIO A PLANILLA: 3
CANGILONES: 1
SEGUNDOS: 0
POSICION DEL TIEMPO: 0
LADO: A

