PLANILLA: 0
CANGILONES: 1
SEGUNDOS: 0
POSICION DEL TIEMPO: 0
LADO: A

CANGILONES: 2
SEGUNDOS: 79
POSICION DEL TIEMPO: 1
LADO: B

CANGILONES: 3
SEGUNDOS: 103
POSICION DEL TIEMPO: 2
LADO: A

CANGILONES: 4
SEGUNDOS: 77
POSICION DEL TIEMPO: 3
LADO: B

CANGILONES: 5
SEGUNDOS: 98
POSICION DEL TIEMPO: 4
LADO: A

CANGILONES: 6
SEGUNDOS: 89
POSICION DEL TIEMPO: 5
LADO: B

CANGILONES: 7
SEGUNDOS: 109
POSICION DEL TIEMPO: 6
LADO: A

TIEMPO_PROMEDIO: 92.50


CAMBIO A PLANILLA: 1
CANGILONES: 1
SEGUNDOS: 0
POSICION DEL TIEMPO: 0
LADO: B

CANGILONES: 2
SEGUNDOS: 142
POSICION DEL TIEMPO: 1
LADO: A

CANGILONES: 3
SEGUNDOS: 105
POSICION DEL TIEMPO: 2
LADO: B

CANGILONES: 4
SEGUNDOS: 141
POSICION DEL TIEMPO: 3
LADO: A

CANGILONES: 5
SEGUNDOS: 106
POSICION DEL TIEMPO: 4
LADO: B

CANGILONES: 6
SEGUNDOS: 150
POSICION DEL TIEMPO: 5
LADO: A

CANGILONES: 7
SEGUNDOS: 115
POSICION DEL TIEMPO: 6
LADO: B

TIEMPO_PROMEDIO: 126.50


CAMBIO A PLANILLA: 2
CANGILONES: 1
SEGUNDOS: 0
POSICION DEL TIEMPO: 0
LADO: A

CANGILONES: 2
SEGUNDOS: 91
POSICION DEL TIEMPO: 1
LADO: B

CANGILONES: 3
SEGUNDOS: 113
POSICION DEL TIEMPO: 2
LADO: A

CANGILONES: 4
SEGUNDOS: 81
POSICION DEL TIEMPO: 3
LADO: B

CANGILONES: 5
SEGUNDOS: 107
POSICION DEL TIEMPO: 4
LADO: A

CANGILONES: 6
SEGUNDOS: 92
POSICION DEL TIEMPO: 5
LADO: B

CANGILONES: 7
SEGUNDOS: 111
POSICION DEL TIEMPO: 6
LADO: A

TIEMPO_PROMEDIO: 99.17


CAMBIO A PLANILLA: 3
CANGILONES: 1
SEGUNDOS: 0
POSICION DEL TIEMPO: 0
LADO: B

CANGILONES: 2
SEGUNDOS: 117
POSICION DEL TIEMPO: 1
LADO: A

CANGILONES: 3
SEGUNDOS: 86
POSICION DEL TIEMPO: 2
LADO: B

CANGILONES: 4
SEGUNDOS: 108
POSICION DEL TIEMPO: 3
LADO: A

CANGILONES: 5
SEGUNDOS: 94
POSICION DEL TIEMPO: 4
LADO: B

CANGILONES: 6
SEGUNDOS: 111
POSICION DEL TIEMPO: 5
LADO: A

CANGILONES: 7
SEGUNDOS: 89
POSICION DEL TIEMPO: 6
LADO: B

TIEMPO_PROMEDIO: 100.83


CAMBIO A PLANILLA: 4
CANGILONES: 1
SEGUNDOS: 0
POSICION DEL TIEMPO: 0
LADO: A

CANGILONES: 2
SEGUNDOS: 116
POSICION DEL TIEMPO: 1
LADO: B

CANGILONES: 3
SEGUNDOS: 140
POSICION DEL TIEMPO: 2
LADO: A

CANGILONES: 4
SEGUNDOS: 108
POSICION DEL TIEMPO: 3
LADO: B

CANGILONES: 5
SEGUNDOS: 125
POSICION DEL TIEMPO: 4
LADO: A

CANGILONES: 6
SEGUNDOS: 109
POSICION DEL TIEMPO: 5
LADO: B

CANGILONES: 7
SEGUNDOS: 133
POSICION DEL TIEMPO: 6
LADO: A

TIEMPO_PROMEDIO: 121.83


CAMBIO A PLANILLA: 5
CANGILONES: 1
SEGUNDOS: 0
POSICION DEL TIEMPO: 0
LADO: B

CANGILONES: 2
SEGUNDOS: 143
POSICION DEL TIEMPO: 1
LADO: A

CANGILONES: 3
SEGUNDOS: 111
POSICION DEL TIEMPO: 2
LADO: B

CANGILONES: 4
SEGUNDOS: 126
POSICION DEL TIEMPO: 3
LADO: A

CANGILONES: 5
SEGUNDOS: 118
POSICION DEL TIEMPO: 4
LADO: B

CANGILONES: 6
SEGUNDOS: 128
POSICION DEL TIEMPO: 5
LADO: A

CANGILONES: 7
SEGUNDOS: 118
POSICION DEL TIEMPO: 6
LADO: B

TIEMPO_PROMEDIO: 124.00


CAMBIO A PLANILLA: 6
CANGILONES: 1
SEGUNDOS: 0
POSICION DEL TIEMPO: 0
LADO: A

CANGILONES: 2
SEGUNDOS: 125
POSICION DEL TIEMPO: 1
LADO: B

CANGILONES: 3
SEGUNDOS: 159
POSICION DEL TIEMPO: 2
LADO: A

CANGILONES: 4
SEGUNDOS: 118
POSICION DEL TIEMPO: 3
LADO: B

CANGILONES: 5
SEGUNDOS: 141
POSICION DEL TIEMPO: 4
LADO: A

CANGILONES: 6
SEGUNDOS: 102
POSICION DEL TIEMPO: 5
LADO: B

CANGILONES: 7
SEGUNDOS: 146
POSICION DEL TIEMPO: 6
LADO: A

TIEMPO_PROMEDIO: 131.83


CAMBIO A PLANILLA: 7
CANGILONES: 1
SEGUNDOS: 0
POSICION DEL TIEMPO: 0
LADO: B

CANGILONES: 2
SEGUNDOS: 134
POSICION DEL TIEMPO: 1
LADO: A

CANGILONES: 3
SEGUNDOS: 133
POSICION DEL TIEMPO: 2
LADO: B

CANGILONES: 4
SEGUNDOS: 136
POSICION DEL TIEMPO: 3
LADO: A

CANGILONES: 5
SEGUNDOS: 136
POSICION DEL TIEMPO: 4
LADO: B

CANGILONES: 6
SEGUNDOS: 138
POSICION DEL TIEMPO: 5
LADO: A

CANGILONES: 7
SEGUNDOS: 107
POSICION DEL TIEMPO: 6
LADO: B

TIEMPO_PROMEDIO: 130.67


CAMBIO A PLANILLA: 8
CANGILONES: 1
SEGUNDOS: 0
POSICION DEL TIEMPO: 0
LADO: A

CANGILONES: 2
SEGUNDOS: 150
POSICION DEL TIEMPO: 1
LADO: B

CANGILONES: 3
SEGUNDOS: 121
POSICION DEL TIEMPO: 2
LADO: A

CANGILONES: 4
SEGUNDOS: 88
POSICION DEL TIEMPO: 3
LADO: B

CANGILONES: 5
SEGUNDOS: 119
POSICION DEL TIEMPO: 4
LADO: A

CANGILONES: 6
SEGUNDOS: 134
POSICION DEL TIEMPO: 5
LADO: B

TIEMPO_PROMEDIO: 122.40


CAMBIO A PLANILLA: 9
CANGILONES: 1
SEGUNDOS: 0
POSICION DEL TIEMPO: 0
LADO: A

CANGILONES: 2
SEGUNDOS: 109
POSICION DEL TIEMPO: 1
LADO: B

CANGILONES: 3
SEGUNDOS: 118
POSICION DEL TIEMPO: 2
LADO: A

CANGILONES: 4
SEGUNDOS: 146
POSICION DEL TIEMPO: 3
LADO: B

CANGILONES: 5
SEGUNDOS: 134
POSICION DEL TIEMPO: 4
LADO: A

CANGILONES: 6
SEGUNDOS: 97
POSICION DEL TIEMPO: 5
LADO: B

CANGILONES: 7
SEGUNDOS: 136
POSICION DEL TIEMPO: 6
LADO: A

FINALIZACION DE PRUEBAS
PROMEDIO DE CANGILONES: 5.90
